build/app/intermediates/manifest_merge_blame_file/release/manifest-merger-blame-release-report.txt
1<?xml version="1.0" encoding="utf-8"?>
2<manifest xmlns:android="http://schemas.android.com/apk/res/android"
3    package="com.example.branch"
4    android:versionCode="1"
5    android:versionName="1.0.0" >
6
7    <uses-sdk
8        android:minSdkVersion="21"
8-->src/main/AndroidManifest.xml
9        android:targetSdkVersion="31" />
9-->src/main/AndroidManifest.xml
10
11    <uses-permission android:name="android.permission.QUERY_ALL_PACKAGES" />
11-->src/main/AndroidManifest.xml:3:4-76
11-->src/main/AndroidManifest.xml:3:21-73
12    <uses-permission android:name="com.google.android.finsky.permission.BIND_GET_INSTALL_REFERRER_SERVICE" />
12-->[com.android.installreferrer:installreferrer:2.1] AndroidManifest.xml:9:5-110
12-->[com.android.installreferrer:installreferrer:2.1] AndroidManifest.xml:9:22-107
13
14    <application
15        android:name="android.app.Application"
15-->src/main/AndroidManifest.xml:6:9-42
16        android:appComponentFactory="androidx.core.app.CoreComponentFactory"
16-->[androidx.core:core:1.6.0] AndroidManifest.xml:24:18-86
17        android:icon="@mipmap/ic_launcher"
17-->src/main/AndroidManifest.xml:7:9-43
18        android:label="branch" >
18-->src/main/AndroidManifest.xml:5:9-31
19        <activity
19-->src/main/AndroidManifest.xml:8:9-10:38
20            android:name="io.flutter.plugins.urllauncher.WebViewActivity"
20-->src/main/AndroidManifest.xml:8:19-80
21            android:exported="false"
21-->src/main/AndroidManifest.xml:10:12-36
22            android:theme="@android:style/Theme.NoTitleBar.Fullscreen" />
22-->src/main/AndroidManifest.xml:9:12-70
23        <activity
23-->src/main/AndroidManifest.xml:11:9-47:20
24            android:name="com.example.branch.MainActivity"
24-->src/main/AndroidManifest.xml:12:13-41
25            android:configChanges="orientation|keyboardHidden|keyboard|screenSize|smallestScreenSize|locale|layoutDirection|fontScale|screenLayout|density|uiMode"
25-->src/main/AndroidManifest.xml:16:13-163
26            android:exported="true"
26-->src/main/AndroidManifest.xml:13:13-36
27            android:hardwareAccelerated="true"
27-->src/main/AndroidManifest.xml:17:13-47
28            android:launchMode="singleTop"
28-->src/main/AndroidManifest.xml:14:13-43
29            android:theme="@style/LaunchTheme"
29-->src/main/AndroidManifest.xml:15:13-47
30            android:windowSoftInputMode="adjustResize" >
30-->src/main/AndroidManifest.xml:18:13-55
31
32            <!--
33                 Specifies an Android theme to apply to this Activity as soon as
34                 the Android process has started. This theme is visible to the user
35                 while the Flutter UI initializes. After that, this theme continues
36                 to determine the Window background behind the Flutter UI.
37            -->
38            <meta-data
38-->src/main/AndroidManifest.xml:23:13-26:17
39                android:name="io.flutter.embedding.android.NormalTheme"
39-->src/main/AndroidManifest.xml:24:15-70
40                android:resource="@style/NormalTheme" />
40-->src/main/AndroidManifest.xml:25:15-52
41
42            <intent-filter>
42-->src/main/AndroidManifest.xml:27:13-30:29
43                <action android:name="android.intent.action.MAIN" />
43-->src/main/AndroidManifest.xml:28:17-68
43-->src/main/AndroidManifest.xml:28:25-66
44
45                <category android:name="android.intent.category.LAUNCHER" />
45-->src/main/AndroidManifest.xml:29:17-76
45-->src/main/AndroidManifest.xml:29:27-74
46            </intent-filter>
47            <intent-filter>
47-->src/main/AndroidManifest.xml:31:13-36:29
48                <data
48-->src/main/AndroidManifest.xml:32:17-75
49                    android:host="open"
49-->src/main/AndroidManifest.xml:32:53-72
50                    android:scheme="mybranchdemo" />
50-->src/main/AndroidManifest.xml:32:23-52
51
52                <action android:name="android.intent.action.VIEW" />
52-->src/main/AndroidManifest.xml:33:17-69
52-->src/main/AndroidManifest.xml:33:25-66
53
54                <category android:name="android.intent.category.DEFAULT" />
54-->src/main/AndroidManifest.xml:34:17-76
54-->src/main/AndroidManifest.xml:34:27-73
55                <category android:name="android.intent.category.BROWSABLE" />
55-->src/main/AndroidManifest.xml:35:17-78
55-->src/main/AndroidManifest.xml:35:27-75
56            </intent-filter>
57
58            <!-- Branch App Links -->
59            <intent-filter android:autoVerify="true" >
59-->src/main/AndroidManifest.xml:39:13-46:29
59-->src/main/AndroidManifest.xml:39:28-53
60                <action android:name="android.intent.action.VIEW" />
60-->src/main/AndroidManifest.xml:33:17-69
60-->src/main/AndroidManifest.xml:33:25-66
61
62                <category android:name="android.intent.category.DEFAULT" />
62-->src/main/AndroidManifest.xml:34:17-76
62-->src/main/AndroidManifest.xml:34:27-73
63                <category android:name="android.intent.category.BROWSABLE" />
63-->src/main/AndroidManifest.xml:35:17-78
63-->src/main/AndroidManifest.xml:35:27-75
64
65                <data
65-->src/main/AndroidManifest.xml:32:17-75
66                    android:host="assessment.app.link"
66-->src/main/AndroidManifest.xml:32:53-72
67                    android:scheme="https" />
67-->src/main/AndroidManifest.xml:32:23-52
68                <!-- example-alternate domain is required for App Links when the Journeys/Web SDK and Deepviews are used inside your website. -->
69                <data
69-->src/main/AndroidManifest.xml:32:17-75
70                    android:host="assessment-alternate.app.link"
70-->src/main/AndroidManifest.xml:32:53-72
71                    android:scheme="https" />
71-->src/main/AndroidManifest.xml:32:23-52
72            </intent-filter>
73        </activity>
74        <!--
75             Don't delete the meta-data below.
76             This is used by the Flutter tool to generate GeneratedPluginRegistrant.java
77        -->
78        <meta-data
78-->src/main/AndroidManifest.xml:50:9-52:33
79            android:name="flutterEmbedding"
79-->src/main/AndroidManifest.xml:51:13-44
80            android:value="2" />
80-->src/main/AndroidManifest.xml:52:13-30
81        <meta-data
81-->src/main/AndroidManifest.xml:53:9-119
82            android:name="io.branch.sdk.BranchKey"
82-->src/main/AndroidManifest.xml:53:20-58
83            android:value="key_live_hd0VcLnQuvS6jzsuQS2I4lmlwCpGV7vF" />
83-->src/main/AndroidManifest.xml:53:59-116
84        <meta-data
84-->src/main/AndroidManifest.xml:54:9-127
85            android:name="io.branch.sdk.BranchKey.test"
85-->src/main/AndroidManifest.xml:54:20-63
86            android:value="secret_live_lcv7CdxK1Y4q3Q0aSbUmDZnKKxQqJ2Nk" />
86-->src/main/AndroidManifest.xml:54:64-124
87        <meta-data
87-->src/main/AndroidManifest.xml:55:9-82
88            android:name="io.branch.sdk.TestMode"
88-->src/main/AndroidManifest.xml:55:20-57
89            android:value="false" /> <!-- Set to true to use Branch_Test_Key (useful when simulating installs and/or switching between debug and production flavors) -->
89-->src/main/AndroidManifest.xml:55:58-79
90        <provider
90-->[:share_plus] AndroidManifest.xml:8:9-16:20
91            android:name="dev.fluttercommunity.plus.share.ShareFileProvider"
91-->[:share_plus] AndroidManifest.xml:9:13-77
92            android:authorities="com.example.branch.flutter.share_provider"
92-->[:share_plus] AndroidManifest.xml:10:13-74
93            android:exported="false"
93-->[:share_plus] AndroidManifest.xml:11:13-37
94            android:grantUriPermissions="true" >
94-->[:share_plus] AndroidManifest.xml:12:13-47
95            <meta-data
95-->[:share_plus] AndroidManifest.xml:13:13-15:68
96                android:name="android.support.FILE_PROVIDER_PATHS"
96-->[:share_plus] AndroidManifest.xml:14:17-67
97                android:resource="@xml/flutter_share_file_paths" />
97-->[:share_plus] AndroidManifest.xml:15:17-65
98        </provider>
99
100        <activity
100-->[com.google.android.gms:play-services-base:17.0.0] AndroidManifest.xml:23:9-26:75
101            android:name="com.google.android.gms.common.api.GoogleApiActivity"
101-->[com.google.android.gms:play-services-base:17.0.0] AndroidManifest.xml:24:13-79
102            android:exported="false"
102-->[com.google.android.gms:play-services-base:17.0.0] AndroidManifest.xml:25:13-37
103            android:theme="@android:style/Theme.Translucent.NoTitleBar" />
103-->[com.google.android.gms:play-services-base:17.0.0] AndroidManifest.xml:26:13-72
104
105        <provider
105-->[com.google.firebase:firebase-common:18.0.0] AndroidManifest.xml:12:9-16:39
106            android:name="com.google.firebase.provider.FirebaseInitProvider"
106-->[com.google.firebase:firebase-common:18.0.0] AndroidManifest.xml:13:13-77
107            android:authorities="com.example.branch.firebaseinitprovider"
107-->[com.google.firebase:firebase-common:18.0.0] AndroidManifest.xml:14:13-72
108            android:exported="false"
108-->[com.google.firebase:firebase-common:18.0.0] AndroidManifest.xml:15:13-37
109            android:initOrder="100" />
109-->[com.google.firebase:firebase-common:18.0.0] AndroidManifest.xml:16:13-36
110
111        <meta-data
111-->[com.google.android.gms:play-services-basement:17.0.0] AndroidManifest.xml:23:9-25:69
112            android:name="com.google.android.gms.version"
112-->[com.google.android.gms:play-services-basement:17.0.0] AndroidManifest.xml:24:13-58
113            android:value="@integer/google_play_services_version" />
113-->[com.google.android.gms:play-services-basement:17.0.0] AndroidManifest.xml:25:13-66
114    </application>
115
116</manifest>